-------------------------------------------------------------------------------
Test set: com.ups.cra.icc.idugroute.idugdemo.ShipmentIntegrationTest
-------------------------------------------------------------------------------
Tests run: 1, Failures: 0, Errors: 1, Skipped: 0, Time elapsed: 7.803 sec <<< FAILURE! - in com.ups.cra.icc.idugroute.idugdemo.ShipmentIntegrationTest
testIntegration(com.ups.cra.icc.idugroute.idugdemo.ShipmentIntegrationTest)  Time elapsed: 7.803 sec  <<< ERROR!
org.apache.camel.CamelExecutionException: Exception occurred during execution on the exchange: Exchange[Message: { "MessageId": "5","DeviceId": "12345", "ShipmentCategory": "test", "ShipmentId": "Vidhya", "Timestamp": "value","LuxometerData": "value"}]
	at java.net.DualStackPlainSocketImpl.waitForConnect(Native Method)
	at java.net.DualStackPlainSocketImpl.socketConnect(DualStackPlainSocketImpl.java:85)
	at java.net.AbstractPlainSocketImpl.doConnect(AbstractPlainSocketImpl.java:339)
	at java.net.AbstractPlainSocketImpl.connectToAddress(AbstractPlainSocketImpl.java:200)
	at java.net.AbstractPlainSocketImpl.connect(AbstractPlainSocketImpl.java:182)
	at java.net.PlainSocketImpl.connect(PlainSocketImpl.java:172)
	at java.net.SocksSocketImpl.connect(SocksSocketImpl.java:392)
	at java.net.Socket.connect(Socket.java:579)
	at org.apache.activemq.transport.tcp.TcpTransport.connect(TcpTransport.java:504)
	at org.apache.activemq.transport.tcp.TcpTransport.doStart(TcpTransport.java:467)
	at org.apache.activemq.util.ServiceSupport.start(ServiceSupport.java:55)
	at org.apache.activemq.transport.AbstractInactivityMonitor.start(AbstractInactivityMonitor.java:132)
	at org.apache.activemq.transport.TransportFilter.start(TransportFilter.java:58)
	at org.apache.activemq.transport.WireFormatNegotiator.start(WireFormatNegotiator.java:72)
	at org.apache.activemq.transport.TransportFilter.start(TransportFilter.java:58)
	at org.apache.activemq.transport.TransportFilter.start(TransportFilter.java:58)
	at org.apache.activemq.ActiveMQConnectionFactory.createActiveMQConnection(ActiveMQConnectionFactory.java:273)
	at org.apache.activemq.ActiveMQConnectionFactory.createActiveMQConnection(ActiveMQConnectionFactory.java:238)
	at org.apache.activemq.ActiveMQConnectionFactory.createConnection(ActiveMQConnectionFactory.java:184)
	at org.springframework.jms.support.JmsAccessor.createConnection(JmsAccessor.java:180)
	at org.springframework.jms.core.JmsTemplate.execute(JmsTemplate.java:483)
	at org.apache.camel.component.jms.JmsConfiguration$CamelJmsTemplate.send(JmsConfiguration.java:235)
	at org.apache.camel.component.jms.JmsProducer.doSend(JmsProducer.java:413)
	at org.apache.camel.component.jms.JmsProducer.processInOnly(JmsProducer.java:367)
	at org.apache.camel.component.jms.JmsProducer.process(JmsProducer.java:153)
	at org.apache.camel.processor.CamelInternalProcessor.process(CamelInternalProcessor.java:191)
	at org.apache.camel.util.AsyncProcessorHelper.process(AsyncProcessorHelper.java:109)
	at org.apache.camel.processor.UnitOfWorkProducer.process(UnitOfWorkProducer.java:68)
	at org.apache.camel.impl.ProducerCache$2.doInProducer(ProducerCache.java:375)
	at org.apache.camel.impl.ProducerCache$2.doInProducer(ProducerCache.java:343)
	at org.apache.camel.impl.ProducerCache.doInProducer(ProducerCache.java:233)
	at org.apache.camel.impl.ProducerCache.sendExchange(ProducerCache.java:343)
	at org.apache.camel.impl.ProducerCache.send(ProducerCache.java:184)
	at org.apache.camel.impl.DefaultProducerTemplate.send(DefaultProducerTemplate.java:124)
	at org.apache.camel.impl.DefaultProducerTemplate.sendBodyAndHeader(DefaultProducerTemplate.java:163)
	at org.apache.camel.impl.DefaultProducerTemplate.sendBodyAndHeader(DefaultProducerTemplate.java:159)
	at com.ups.cra.icc.idugroute.idugdemo.ShipmentIntegrationTest.testIntegration(ShipmentIntegrationTest.java:37)

